This is pdfTeX, Version 3.141592653-2.6-1.40.22 (TeX Live 2022/dev/Debian) (preloaded format=pdflatex 2023.10.19)  8 DEC 2023 18:03
entering extended mode
 restricted \write18 enabled.
 %&-line parsing enabled.
**calc.tex
(./calc.tex
LaTeX2e <2021-11-15> patch level 1
L3 programming layer <2022-01-21>
(/usr/share/texlive/texmf-dist/tex/latex/base/article.cls
Document Class: article 2021/10/04 v1.4n Standard LaTeX document class
(/usr/share/texlive/texmf-dist/tex/latex/base/size11.clo
File: size11.clo 2021/10/04 v1.4n Standard LaTeX file (size option)
)
\c@part=\count185
\c@section=\count186
\c@subsection=\count187
\c@subsubsection=\count188
\c@paragraph=\count189
\c@subparagraph=\count190
\c@figure=\count191
\c@table=\count192
\abovecaptionskip=\skip47
\belowcaptionskip=\skip48
\bibindent=\dimen138
)
(/usr/share/texlive/texmf-dist/tex/latex/geometry/geometry.sty
Package: geometry 2020/01/02 v5.9 Page Geometry

(/usr/share/texlive/texmf-dist/tex/latex/graphics/keyval.sty
Package: keyval 2014/10/28 v1.15 key=value parser (DPC)
\KV@toks@=\toks16
)
(/usr/share/texlive/texmf-dist/tex/generic/iftex/ifvtex.sty
Package: ifvtex 2019/10/25 v1.7 ifvtex legacy package. Use iftex instead.

(/usr/share/texlive/texmf-dist/tex/generic/iftex/iftex.sty
Package: iftex 2020/03/06 v1.0d TeX engine tests
))
\Gm@cnth=\count193
\Gm@cntv=\count194
\c@Gm@tempcnt=\count195
\Gm@bindingoffset=\dimen139
\Gm@wd@mp=\dimen140
\Gm@odd@mp=\dimen141
\Gm@even@mp=\dimen142
\Gm@layoutwidth=\dimen143
\Gm@layoutheight=\dimen144
\Gm@layouthoffset=\dimen145
\Gm@layoutvoffset=\dimen146
\Gm@dimlist=\toks17
)
(/usr/share/texlive/texmf-dist/tex/latex/graphics/graphicx.sty
Package: graphicx 2021/09/16 v1.2d Enhanced LaTeX Graphics (DPC,SPQR)

(/usr/share/texlive/texmf-dist/tex/latex/graphics/graphics.sty
Package: graphics 2021/03/04 v1.4d Standard LaTeX Graphics (DPC,SPQR)

(/usr/share/texlive/texmf-dist/tex/latex/graphics/trig.sty
Package: trig 2021/08/11 v1.11 sin cos tan (DPC)
)
(/usr/share/texlive/texmf-dist/tex/latex/graphics-cfg/graphics.cfg
File: graphics.cfg 2016/06/04 v1.11 sample graphics configuration
)
Package graphics Info: Driver file: pdftex.def on input line 107.

(/usr/share/texlive/texmf-dist/tex/latex/graphics-def/pdftex.def
File: pdftex.def 2020/10/05 v1.2a Graphics/color driver for pdftex
))
\Gin@req@height=\dimen147
\Gin@req@width=\dimen148
)
(/usr/share/texlive/texmf-dist/tex/latex/adjustbox/adjustbox.sty
Package: adjustbox 2020/08/19 v1.3 Adjusting TeX boxes (trim, clip, ...)

(/usr/share/texlive/texmf-dist/tex/latex/xkeyval/xkeyval.sty
Package: xkeyval 2020/11/20 v2.8 package option processing (HA)

(/usr/share/texlive/texmf-dist/tex/generic/xkeyval/xkeyval.tex
(/usr/share/texlive/texmf-dist/tex/generic/xkeyval/xkvutils.tex
\XKV@toks=\toks18
\XKV@tempa@toks=\toks19
)
\XKV@depth=\count196
File: xkeyval.tex 2014/12/03 v2.7a key=value parser (HA)
))
(/usr/share/texlive/texmf-dist/tex/latex/adjustbox/adjcalc.sty
Package: adjcalc 2012/05/16 v1.1 Provides advanced setlength with multiple back
-ends (calc, etex, pgfmath)
)
(/usr/share/texlive/texmf-dist/tex/latex/adjustbox/trimclip.sty
Package: trimclip 2020/08/19 v1.2 Trim and clip general TeX material

(/usr/share/texlive/texmf-dist/tex/latex/collectbox/collectbox.sty
Package: collectbox 2012/05/17 v0.4b Collect macro arguments as boxes
\collectedbox=\box50
)
\tc@llx=\dimen149
\tc@lly=\dimen150
\tc@urx=\dimen151
\tc@ury=\dimen152
Package trimclip Info: Using driver 'tc-pdftex.def'.

(/usr/share/texlive/texmf-dist/tex/latex/adjustbox/tc-pdftex.def
File: tc-pdftex.def 2019/01/04 v2.2 Clipping driver for pdftex
))
\adjbox@Width=\dimen153
\adjbox@Height=\dimen154
\adjbox@Depth=\dimen155
\adjbox@Totalheight=\dimen156
\adjbox@pwidth=\dimen157
\adjbox@pheight=\dimen158
\adjbox@pdepth=\dimen159
\adjbox@ptotalheight=\dimen160

(/usr/share/texlive/texmf-dist/tex/latex/ifoddpage/ifoddpage.sty
Package: ifoddpage 2016/04/23 v1.1 Conditionals for odd/even page detection
\c@checkoddpage=\count197
)
(/usr/share/texlive/texmf-dist/tex/latex/varwidth/varwidth.sty
Package: varwidth 2009/03/30 ver 0.92;  Variable-width minipages
\@vwid@box=\box51
\sift@deathcycles=\count198
\@vwid@loff=\dimen161
\@vwid@roff=\dimen162
))
(/usr/share/texlive/texmf-dist/tex/latex/hyperref/hyperref.sty
Package: hyperref 2021-06-07 v7.00m Hypertext links for LaTeX

(/usr/share/texlive/texmf-dist/tex/generic/ltxcmds/ltxcmds.sty
Package: ltxcmds 2020-05-10 v1.25 LaTeX kernel commands for general use (HO)
)
(/usr/share/texlive/texmf-dist/tex/generic/pdftexcmds/pdftexcmds.sty
Package: pdftexcmds 2020-06-27 v0.33 Utility functions of pdfTeX for LuaTeX (HO
)

(/usr/share/texlive/texmf-dist/tex/generic/infwarerr/infwarerr.sty
Package: infwarerr 2019/12/03 v1.5 Providing info/warning/error messages (HO)
)
Package pdftexcmds Info: \pdf@primitive is available.
Package pdftexcmds Info: \pdf@ifprimitive is available.
Package pdftexcmds Info: \pdfdraftmode found.
)
(/usr/share/texlive/texmf-dist/tex/generic/kvsetkeys/kvsetkeys.sty
Package: kvsetkeys 2019/12/15 v1.18 Key value parser (HO)
)
(/usr/share/texlive/texmf-dist/tex/generic/kvdefinekeys/kvdefinekeys.sty
Package: kvdefinekeys 2019-12-19 v1.6 Define keys (HO)
)
(/usr/share/texlive/texmf-dist/tex/generic/pdfescape/pdfescape.sty
Package: pdfescape 2019/12/09 v1.15 Implements pdfTeX's escape features (HO)
)
(/usr/share/texlive/texmf-dist/tex/latex/hycolor/hycolor.sty
Package: hycolor 2020-01-27 v1.10 Color options for hyperref/bookmark (HO)
)
(/usr/share/texlive/texmf-dist/tex/latex/letltxmacro/letltxmacro.sty
Package: letltxmacro 2019/12/03 v1.6 Let assignment for LaTeX macros (HO)
)
(/usr/share/texlive/texmf-dist/tex/latex/auxhook/auxhook.sty
Package: auxhook 2019-12-17 v1.6 Hooks for auxiliary files (HO)
)
(/usr/share/texlive/texmf-dist/tex/latex/kvoptions/kvoptions.sty
Package: kvoptions 2020-10-07 v3.14 Key value format for package options (HO)
)
\@linkdim=\dimen163
\Hy@linkcounter=\count199
\Hy@pagecounter=\count266

(/usr/share/texlive/texmf-dist/tex/latex/hyperref/pd1enc.def
File: pd1enc.def 2021-06-07 v7.00m Hyperref: PDFDocEncoding definition (HO)
Now handling font encoding PD1 ...
... no UTF-8 mapping file for font encoding PD1
)
(/usr/share/texlive/texmf-dist/tex/latex/hyperref/hyperref-langpatches.def
File: hyperref-langpatches.def 2021-06-07 v7.00m Hyperref: patches for babel la
nguages
)
(/usr/share/texlive/texmf-dist/tex/generic/intcalc/intcalc.sty
Package: intcalc 2019/12/15 v1.3 Expandable calculations with integers (HO)
)
(/usr/share/texlive/texmf-dist/tex/generic/etexcmds/etexcmds.sty
Package: etexcmds 2019/12/15 v1.7 Avoid name clashes with e-TeX commands (HO)
)
\Hy@SavedSpaceFactor=\count267

(/usr/share/texlive/texmf-dist/tex/latex/hyperref/puenc.def
File: puenc.def 2021-06-07 v7.00m Hyperref: PDF Unicode definition (HO)
Now handling font encoding PU ...
... no UTF-8 mapping file for font encoding PU
)
Package hyperref Info: Hyper figures OFF on input line 4192.
Package hyperref Info: Link nesting OFF on input line 4197.
Package hyperref Info: Hyper index ON on input line 4200.
Package hyperref Info: Plain pages OFF on input line 4207.
Package hyperref Info: Backreferencing OFF on input line 4212.
Package hyperref Info: Implicit mode ON; LaTeX internals redefined.
Package hyperref Info: Bookmarks ON on input line 4445.
\c@Hy@tempcnt=\count268

(/usr/share/texlive/texmf-dist/tex/latex/url/url.sty
\Urlmuskip=\muskip16
Package: url 2013/09/16  ver 3.4  Verb mode for urls, etc.
)
LaTeX Info: Redefining \url on input line 4804.
\XeTeXLinkMargin=\dimen164

(/usr/share/texlive/texmf-dist/tex/generic/bitset/bitset.sty
Package: bitset 2019/12/09 v1.3 Handle bit-vector datatype (HO)

(/usr/share/texlive/texmf-dist/tex/generic/bigintcalc/bigintcalc.sty
Package: bigintcalc 2019/12/15 v1.5 Expandable calculations on big integers (HO
)
))
\Fld@menulength=\count269
\Field@Width=\dimen165
\Fld@charsize=\dimen166
Package hyperref Info: Hyper figures OFF on input line 6076.
Package hyperref Info: Link nesting OFF on input line 6081.
Package hyperref Info: Hyper index ON on input line 6084.
Package hyperref Info: backreferencing OFF on input line 6091.
Package hyperref Info: Link coloring OFF on input line 6096.
Package hyperref Info: Link coloring with OCG OFF on input line 6101.
Package hyperref Info: PDF/A mode OFF on input line 6106.
LaTeX Info: Redefining \ref on input line 6146.
LaTeX Info: Redefining \pageref on input line 6150.

(/usr/share/texlive/texmf-dist/tex/latex/base/atbegshi-ltx.sty
Package: atbegshi-ltx 2021/01/10 v1.0c Emulation of the original atbegshi
package with kernel methods
)
\Hy@abspage=\count270
\c@Item=\count271
\c@Hfootnote=\count272
)
Package hyperref Info: Driver (autodetected): hpdftex.

(/usr/share/texlive/texmf-dist/tex/latex/hyperref/hpdftex.def
File: hpdftex.def 2021-06-07 v7.00m Hyperref driver for pdfTeX

(/usr/share/texlive/texmf-dist/tex/latex/base/atveryend-ltx.sty
Package: atveryend-ltx 2020/08/19 v1.0a Emulation of the original atveryend pac
kage
with kernel methods
)
\Fld@listcount=\count273
\c@bookmark@seq@number=\count274

(/usr/share/texlive/texmf-dist/tex/latex/rerunfilecheck/rerunfilecheck.sty
Package: rerunfilecheck 2019/12/05 v1.9 Rerun checks for auxiliary files (HO)

(/usr/share/texlive/texmf-dist/tex/generic/uniquecounter/uniquecounter.sty
Package: uniquecounter 2019/12/15 v1.4 Provide unlimited unique counter (HO)
)
Package uniquecounter Info: New unique counter `rerunfilecheck' on input line 2
86.
)
\Hy@SectionHShift=\skip49
)
(/usr/share/texlive/texmf-dist/tex/latex/amsmath/amsmath.sty
Package: amsmath 2021/10/15 v2.17l AMS math features
\@mathmargin=\skip50

For additional information on amsmath, use the `?' option.
(/usr/share/texlive/texmf-dist/tex/latex/amsmath/amstext.sty
Package: amstext 2021/08/26 v2.01 AMS text

(/usr/share/texlive/texmf-dist/tex/latex/amsmath/amsgen.sty
File: amsgen.sty 1999/11/30 v2.0 generic functions
\@emptytoks=\toks20
\ex@=\dimen167
))
(/usr/share/texlive/texmf-dist/tex/latex/amsmath/amsbsy.sty
Package: amsbsy 1999/11/29 v1.2d Bold Symbols
\pmbraise@=\dimen168
)
(/usr/share/texlive/texmf-dist/tex/latex/amsmath/amsopn.sty
Package: amsopn 2021/08/26 v2.02 operator names
)
\inf@bad=\count275
LaTeX Info: Redefining \frac on input line 234.
\uproot@=\count276
\leftroot@=\count277
LaTeX Info: Redefining \overline on input line 399.
\classnum@=\count278
\DOTSCASE@=\count279
LaTeX Info: Redefining \ldots on input line 496.
LaTeX Info: Redefining \dots on input line 499.
LaTeX Info: Redefining \cdots on input line 620.
\Mathstrutbox@=\box52
\strutbox@=\box53
\big@size=\dimen169
LaTeX Font Info:    Redeclaring font encoding OML on input line 743.
LaTeX Font Info:    Redeclaring font encoding OMS on input line 744.
\macc@depth=\count280
\c@MaxMatrixCols=\count281
\dotsspace@=\muskip17
\c@parentequation=\count282
\dspbrk@lvl=\count283
\tag@help=\toks21
\row@=\count284
\column@=\count285
\maxfields@=\count286
\andhelp@=\toks22
\eqnshift@=\dimen170
\alignsep@=\dimen171
\tagshift@=\dimen172
\tagwidth@=\dimen173
\totwidth@=\dimen174
\lineht@=\dimen175
\@envbody=\toks23
\multlinegap=\skip51
\multlinetaggap=\skip52
\mathdisplay@stack=\toks24
LaTeX Info: Redefining \[ on input line 2938.
LaTeX Info: Redefining \] on input line 2939.
)
(/usr/share/texlive/texmf-dist/tex/latex/pdfpages/pdfpages.sty
Package: pdfpages 2022/01/29 v0.5u Insert pages of external PDF documents (AM)

(/usr/share/texlive/texmf-dist/tex/latex/base/ifthen.sty
Package: ifthen 2020/11/24 v1.1c Standard LaTeX ifthen package (DPC)
)
(/usr/share/texlive/texmf-dist/tex/latex/tools/calc.sty
Package: calc 2017/05/25 v4.3 Infix arithmetic (KKT,FJ)
\calc@Acount=\count287
\calc@Bcount=\count288
\calc@Adimen=\dimen176
\calc@Bdimen=\dimen177
\calc@Askip=\skip53
\calc@Bskip=\skip54
LaTeX Info: Redefining \setlength on input line 80.
LaTeX Info: Redefining \addtolength on input line 81.
\calc@Ccount=\count289
\calc@Cskip=\skip55
)
(/usr/share/texlive/texmf-dist/tex/latex/eso-pic/eso-pic.sty
Package: eso-pic 2020/10/14 v3.0a eso-pic (RN)
\ESO@tempdima=\dimen178
\ESO@tempdimb=\dimen179

(/usr/share/texlive/texmf-dist/tex/latex/xcolor/xcolor.sty
Package: xcolor 2021/10/31 v2.13 LaTeX color extensions (UK)

(/usr/share/texlive/texmf-dist/tex/latex/graphics-cfg/color.cfg
File: color.cfg 2016/01/02 v1.6 sample color configuration
)
Package xcolor Info: Driver file: pdftex.def on input line 227.
Package xcolor Info: Model `cmy' substituted by `cmy0' on input line 1352.
Package xcolor Info: Model `hsb' substituted by `rgb' on input line 1356.
Package xcolor Info: Model `RGB' extended on input line 1368.
Package xcolor Info: Model `HTML' substituted by `rgb' on input line 1370.
Package xcolor Info: Model `Hsb' substituted by `hsb' on input line 1371.
Package xcolor Info: Model `tHsb' substituted by `hsb' on input line 1372.
Package xcolor Info: Model `HSB' substituted by `hsb' on input line 1373.
Package xcolor Info: Model `Gray' substituted by `gray' on input line 1374.
Package xcolor Info: Model `wave' substituted by `hsb' on input line 1375.
))
\AM@pagewidth=\dimen180
\AM@pageheight=\dimen181
\AM@fboxrule=\dimen182

(/usr/share/texlive/texmf-dist/tex/latex/pdfpages/pppdftex.def
File: pppdftex.def 2022/01/29 v0.5u Pdfpages driver for pdfTeX (AM)
)
\pdfpages@includegraphics@status=\count290
\AM@pagebox=\box54
\AM@global@opts=\toks25
\AM@pagecnt=\count291
\AM@toc@title=\toks26
\c@AM@survey=\count292
\AM@templatesizebox=\box55
)
(/usr/share/texlive/texmf-dist/tex/latex/fancyhdr/fancyhdr.sty
Package: fancyhdr 2021/01/28 v4.0.1 Extensive control of page headers and foote
rs
\f@nch@headwidth=\skip56
\f@nch@O@elh=\skip57
\f@nch@O@erh=\skip58
\f@nch@O@olh=\skip59
\f@nch@O@orh=\skip60
\f@nch@O@elf=\skip61
\f@nch@O@erf=\skip62
\f@nch@O@olf=\skip63
\f@nch@O@orf=\skip64
)
(/usr/share/texlive/texmf-dist/tex/latex/tools/array.sty
Package: array 2021/10/04 v2.5f Tabular extension package (FMi)
\col@sep=\dimen183
\ar@mcellbox=\box56
\extrarowheight=\dimen184
\NC@list=\toks27
\extratabsurround=\skip65
\backup@length=\skip66
\ar@cellbox=\box57
) (./macros.tex)
(./calc_number.tex)
(/usr/share/texlive/texmf-dist/tex/latex/l3backend/l3backend-pdftex.def
File: l3backend-pdftex.def 2022-01-12 L3 backend support: PDF output (pdfTeX)
\l__color_backend_stack_int=\count293
\l__pdf_internal_box=\box58
)
(./calc.aux (./title.aux) (./writeup.aux))
\openout1 = `calc.aux'.

LaTeX Font Info:    Checking defaults for OML/cmm/m/it on input line 17.
LaTeX Font Info:    ... okay on input line 17.
LaTeX Font Info:    Checking defaults for OMS/cmsy/m/n on input line 17.
LaTeX Font Info:    ... okay on input line 17.
LaTeX Font Info:    Checking defaults for OT1/cmr/m/n on input line 17.
LaTeX Font Info:    ... okay on input line 17.
LaTeX Font Info:    Checking defaults for T1/cmr/m/n on input line 17.
LaTeX Font Info:    ... okay on input line 17.
LaTeX Font Info:    Checking defaults for TS1/cmr/m/n on input line 17.
LaTeX Font Info:    ... okay on input line 17.
LaTeX Font Info:    Checking defaults for OMX/cmex/m/n on input line 17.
LaTeX Font Info:    ... okay on input line 17.
LaTeX Font Info:    Checking defaults for U/cmr/m/n on input line 17.
LaTeX Font Info:    ... okay on input line 17.
LaTeX Font Info:    Checking defaults for PD1/pdf/m/n on input line 17.
LaTeX Font Info:    ... okay on input line 17.
LaTeX Font Info:    Checking defaults for PU/pdf/m/n on input line 17.
LaTeX Font Info:    ... okay on input line 17.

*geometry* driver: auto-detecting
*geometry* detected driver: pdftex
*geometry* verbose mode - [ preamble ] result:
* driver: pdftex
* paper: a4paper
* layout: <same size as paper>
* layoutoffset:(h,v)=(0.0pt,0.0pt)
* modes: 
* h-part:(L,W,R)=(42.67912pt, 512.14963pt, 42.67912pt)
* v-part:(T,H,B)=(56.9055pt, 702.78308pt, 85.35826pt)
* \paperwidth=597.50787pt
* \paperheight=845.04684pt
* \textwidth=512.14963pt
* \textheight=702.78308pt
* \oddsidemargin=-29.59087pt
* \evensidemargin=-29.59087pt
* \topmargin=-55.36449pt
* \headheight=15.0pt
* \headsep=25.0pt
* \topskip=11.0pt
* \footskip=30.0pt
* \marginparwidth=50.0pt
* \marginparsep=10.0pt
* \columnsep=10.0pt
* \skip\footins=10.0pt plus 4.0pt minus 2.0pt
* \hoffset=0.0pt
* \voffset=0.0pt
* \mag=1000
* \@twocolumnfalse
* \@twosidefalse
* \@mparswitchfalse
* \@reversemarginfalse
* (1in=72.27pt=25.4mm, 1cm=28.453pt)

(/usr/share/texlive/texmf-dist/tex/context/base/mkii/supp-pdf.mkii
[Loading MPS to PDF converter (version 2006.09.02).]
\scratchcounter=\count294
\scratchdimen=\dimen185
\scratchbox=\box59
\nofMPsegments=\count295
\nofMParguments=\count296
\everyMPshowfont=\toks28
\MPscratchCnt=\count297
\MPscratchDim=\dimen186
\MPnumerator=\count298
\makeMPintoPDFobject=\count299
\everyMPtoPDFconversion=\toks29
) (/usr/share/texlive/texmf-dist/tex/latex/epstopdf-pkg/epstopdf-base.sty
Package: epstopdf-base 2020-01-24 v2.11 Base part for package epstopdf
Package epstopdf-base Info: Redefining graphics rule for `.eps' on input line 4
85.

(/usr/share/texlive/texmf-dist/tex/latex/latexconfig/epstopdf-sys.cfg
File: epstopdf-sys.cfg 2010/07/13 v1.3 Configuration of (r)epstopdf for TeX Liv
e
))
Package hyperref Info: Link coloring OFF on input line 17.

(/usr/share/texlive/texmf-dist/tex/latex/hyperref/nameref.sty
Package: nameref 2021-04-02 v2.47 Cross-referencing by name of section

(/usr/share/texlive/texmf-dist/tex/latex/refcount/refcount.sty
Package: refcount 2019/12/15 v3.6 Data extraction from label references (HO)
)
(/usr/share/texlive/texmf-dist/tex/generic/gettitlestring/gettitlestring.sty
Package: gettitlestring 2019/12/15 v1.6 Cleanup title references (HO)
)
\c@section@level=\count300
)
LaTeX Info: Redefining \ref on input line 17.
LaTeX Info: Redefining \pageref on input line 17.
LaTeX Info: Redefining \nameref on input line 17.

(./calc.out) (./calc.out)
\@outlinefile=\write3
\openout3 = `calc.out'.


(/usr/share/texlive/texmf-dist/tex/latex/pdflscape/pdflscape.sty
Package: pdflscape 2019/12/05 v0.12 Display of landscape pages in PDF (HO)

(/usr/share/texlive/texmf-dist/tex/latex/graphics/lscape.sty
Package: lscape 2020/05/28 v3.02 Landscape Pages (DPC)
)
Package pdflscape Info: Auto-detected driver: pdftex on input line 81.
)
\openout2 = `title.aux'.

 (./title.tex
[1


{/var/lib/texmf/fonts/map/pdftex/updmap/pdftex.map}]) (./calc.toc)
\tf@toc=\write4
\openout4 = `calc.toc'.

pdfTeX warning (ext4): destination with the same identifier (name{page.1}) has 
been already used, duplicate ignored
<to be read again> 
                   \relax 
l.28     \include{writeup.tex}
                               [1


]
\openout2 = `writeup.aux'.

 (./writeup.tex
<./images/sc001_1.png, id=49, 359.09157pt x 189.70876pt>
File: ./images/sc001_1.png Graphic file (type png)
<use ./images/sc001_1.png>
Package pdftex.def Info: ./images/sc001_1.png  used on input line 15.
(pdftex.def)             Requested size: 256.07481pt x 135.29335pt.
 [2

 <./images/sc001_1.png>])
[3] (./result.tex
Underfull \hbox (badness 10000) in paragraph at lines 6--6
[]|\OT1/cmtt/m/n/10.95 Transfer
 []


Underfull \hbox (badness 10000) in paragraph at lines 6--6
\OT1/cmtt/m/n/10.95 force
 []


Underfull \hbox (badness 10000) in paragraph at lines 6--6
[]|\OT1/cmtt/m/n/10.95 Shear
 []


Underfull \hbox (badness 10000) in paragraph at lines 6--6
[]|\OT1/cmtt/m/n/10.95 Support
 []


Underfull \hbox (badness 10000) in paragraph at lines 6--6
[]|\OT1/cmtt/m/n/10.95 Max
 []


Overfull \hbox (1.94588pt too wide) in paragraph at lines 28--29
[]|\OT1/cmtt/m/n/10.95 W250X32.7| 
 []


Underfull \hbox (badness 10000) in paragraph at lines 35--36
[]|\OT1/cmtt/m/n/10.95 COLUMN
 []


Underfull \hbox (badness 10000) in paragraph at lines 43--44
[]|\OT1/cmtt/m/n/10.95 COLUMN
 []

) [4


] (./attachment.tex
<./design_files/script_output_pdf_files/SBC1-job_128.pdf, id=73, 686.565pt x 79
4.97pt>
File: ./design_files/script_output_pdf_files/SBC1-job_128.pdf Graphic file (typ
e pdf)
<use ./design_files/script_output_pdf_files/SBC1-job_128.pdf>
Package pdftex.def Info: ./design_files/script_output_pdf_files/SBC1-job_128.pd
f  used on input line 1.
(pdftex.def)             Requested size: 686.56332pt x 794.96806pt.
File: ./design_files/script_output_pdf_files/SBC1-job_128.pdf Graphic file (typ
e pdf)
<use ./design_files/script_output_pdf_files/SBC1-job_128.pdf>
Package pdftex.def Info: ./design_files/script_output_pdf_files/SBC1-job_128.pd
f  used on input line 1.
(pdftex.def)             Requested size: 686.56332pt x 794.96806pt.
<./design_files/script_output_pdf_files/SBC1-job_128.pdf, id=76, page=1, 686.56
5pt x 794.97pt>
File: ./design_files/script_output_pdf_files/SBC1-job_128.pdf Graphic file (typ
e pdf)
<use ./design_files/script_output_pdf_files/SBC1-job_128.pdf, page 1>
Package pdftex.def Info: ./design_files/script_output_pdf_files/SBC1-job_128.pd
f , page1 used on input line 1.
(pdftex.def)             Requested size: 686.56332pt x 794.96806pt.
File: ./design_files/script_output_pdf_files/SBC1-job_128.pdf Graphic file (typ
e pdf)
<use ./design_files/script_output_pdf_files/SBC1-job_128.pdf, page 1>
Package pdftex.def Info: ./design_files/script_output_pdf_files/SBC1-job_128.pd
f , page1 used on input line 1.
(pdftex.def)             Requested size: 597.99815pt x 692.41891pt.
 [5]
File: ./design_files/script_output_pdf_files/SBC1-job_128.pdf Graphic file (typ
e pdf)
<use ./design_files/script_output_pdf_files/SBC1-job_128.pdf, page 1>
Package pdftex.def Info: ./design_files/script_output_pdf_files/SBC1-job_128.pd
f , page1 used on input line 1.
(pdftex.def)             Requested size: 597.99815pt x 692.41891pt.
File: ./design_files/script_output_pdf_files/SBC1-job_128.pdf Graphic file (typ
e pdf)
<use ./design_files/script_output_pdf_files/SBC1-job_128.pdf, page 1>
Package pdftex.def Info: ./design_files/script_output_pdf_files/SBC1-job_128.pd
f , page1 used on input line 1.
(pdftex.def)             Requested size: 597.99815pt x 692.41891pt.
File: ./design_files/script_output_pdf_files/SBC1-job_128.pdf Graphic file (typ
e pdf)
<use ./design_files/script_output_pdf_files/SBC1-job_128.pdf, page 1>
Package pdftex.def Info: ./design_files/script_output_pdf_files/SBC1-job_128.pd
f , page1 used on input line 1.
(pdftex.def)             Requested size: 597.99815pt x 692.41891pt.
 [6 <./design_files/script_output_pdf_files/SBC1-job_128.pdf>]
<./design_files/script_output_pdf_files/SBC1-job_128.pdf, id=95, page=2, 686.56
5pt x 794.97pt>
File: ./design_files/script_output_pdf_files/SBC1-job_128.pdf Graphic file (typ
e pdf)
<use ./design_files/script_output_pdf_files/SBC1-job_128.pdf, page 2>
Package pdftex.def Info: ./design_files/script_output_pdf_files/SBC1-job_128.pd
f , page2 used on input line 1.
(pdftex.def)             Requested size: 597.99815pt x 692.41891pt.
File: ./design_files/script_output_pdf_files/SBC1-job_128.pdf Graphic file (typ
e pdf)
<use ./design_files/script_output_pdf_files/SBC1-job_128.pdf, page 2>
Package pdftex.def Info: ./design_files/script_output_pdf_files/SBC1-job_128.pd
f , page2 used on input line 1.
(pdftex.def)             Requested size: 597.99815pt x 692.41891pt.
File: ./design_files/script_output_pdf_files/SBC1-job_128.pdf Graphic file (typ
e pdf)
<use ./design_files/script_output_pdf_files/SBC1-job_128.pdf, page 2>
Package pdftex.def Info: ./design_files/script_output_pdf_files/SBC1-job_128.pd
f , page2 used on input line 1.
(pdftex.def)             Requested size: 597.99815pt x 692.41891pt.
 [7 <./design_files/script_output_pdf_files/SBC1-job_128.pdf>]
<./design_files/script_output_pdf_files/SBC2-job_129.pdf, id=100, 686.565pt x 7
94.97pt>
File: ./design_files/script_output_pdf_files/SBC2-job_129.pdf Graphic file (typ
e pdf)
<use ./design_files/script_output_pdf_files/SBC2-job_129.pdf>
Package pdftex.def Info: ./design_files/script_output_pdf_files/SBC2-job_129.pd
f  used on input line 2.
(pdftex.def)             Requested size: 686.56332pt x 794.96806pt.
File: ./design_files/script_output_pdf_files/SBC2-job_129.pdf Graphic file (typ
e pdf)
<use ./design_files/script_output_pdf_files/SBC2-job_129.pdf>
Package pdftex.def Info: ./design_files/script_output_pdf_files/SBC2-job_129.pd
f  used on input line 2.
(pdftex.def)             Requested size: 686.56332pt x 794.96806pt.
<./design_files/script_output_pdf_files/SBC2-job_129.pdf, id=103, page=1, 686.5
65pt x 794.97pt>
File: ./design_files/script_output_pdf_files/SBC2-job_129.pdf Graphic file (typ
e pdf)
<use ./design_files/script_output_pdf_files/SBC2-job_129.pdf, page 1>
Package pdftex.def Info: ./design_files/script_output_pdf_files/SBC2-job_129.pd
f , page1 used on input line 2.
(pdftex.def)             Requested size: 686.56332pt x 794.96806pt.
File: ./design_files/script_output_pdf_files/SBC2-job_129.pdf Graphic file (typ
e pdf)
<use ./design_files/script_output_pdf_files/SBC2-job_129.pdf, page 1>
Package pdftex.def Info: ./design_files/script_output_pdf_files/SBC2-job_129.pd
f , page1 used on input line 2.
(pdftex.def)             Requested size: 597.99815pt x 692.41891pt.
File: ./design_files/script_output_pdf_files/SBC2-job_129.pdf Graphic file (typ
e pdf)
<use ./design_files/script_output_pdf_files/SBC2-job_129.pdf, page 1>
Package pdftex.def Info: ./design_files/script_output_pdf_files/SBC2-job_129.pd
f , page1 used on input line 2.
(pdftex.def)             Requested size: 597.99815pt x 692.41891pt.
File: ./design_files/script_output_pdf_files/SBC2-job_129.pdf Graphic file (typ
e pdf)
<use ./design_files/script_output_pdf_files/SBC2-job_129.pdf, page 1>
Package pdftex.def Info: ./design_files/script_output_pdf_files/SBC2-job_129.pd
f , page1 used on input line 2.
(pdftex.def)             Requested size: 597.99815pt x 692.41891pt.
File: ./design_files/script_output_pdf_files/SBC2-job_129.pdf Graphic file (typ
e pdf)
<use ./design_files/script_output_pdf_files/SBC2-job_129.pdf, page 1>
Package pdftex.def Info: ./design_files/script_output_pdf_files/SBC2-job_129.pd
f , page1 used on input line 2.
(pdftex.def)             Requested size: 597.99815pt x 692.41891pt.

[8 <./design_files/script_output_pdf_files/SBC2-job_129.pdf>]
<./design_files/script_output_pdf_files/SBC2-job_129.pdf, id=117, page=2, 686.5
65pt x 794.97pt>
File: ./design_files/script_output_pdf_files/SBC2-job_129.pdf Graphic file (typ
e pdf)
<use ./design_files/script_output_pdf_files/SBC2-job_129.pdf, page 2>
Package pdftex.def Info: ./design_files/script_output_pdf_files/SBC2-job_129.pd
f , page2 used on input line 2.
(pdftex.def)             Requested size: 597.99815pt x 692.41891pt.
File: ./design_files/script_output_pdf_files/SBC2-job_129.pdf Graphic file (typ
e pdf)
<use ./design_files/script_output_pdf_files/SBC2-job_129.pdf, page 2>
Package pdftex.def Info: ./design_files/script_output_pdf_files/SBC2-job_129.pd
f , page2 used on input line 2.
(pdftex.def)             Requested size: 597.99815pt x 692.41891pt.
File: ./design_files/script_output_pdf_files/SBC2-job_129.pdf Graphic file (typ
e pdf)
<use ./design_files/script_output_pdf_files/SBC2-job_129.pdf, page 2>
Package pdftex.def Info: ./design_files/script_output_pdf_files/SBC2-job_129.pd
f , page2 used on input line 2.
(pdftex.def)             Requested size: 597.99815pt x 692.41891pt.
 [9 <./design_files/script_output_pdf_files/SBC2-job_129.pdf>]
<./design_files/script_output_pdf_files/SBC3-job_130.pdf, id=122, 686.565pt x 7
94.97pt>
File: ./design_files/script_output_pdf_files/SBC3-job_130.pdf Graphic file (typ
e pdf)
<use ./design_files/script_output_pdf_files/SBC3-job_130.pdf>
Package pdftex.def Info: ./design_files/script_output_pdf_files/SBC3-job_130.pd
f  used on input line 3.
(pdftex.def)             Requested size: 686.56332pt x 794.96806pt.
File: ./design_files/script_output_pdf_files/SBC3-job_130.pdf Graphic file (typ
e pdf)
<use ./design_files/script_output_pdf_files/SBC3-job_130.pdf>
Package pdftex.def Info: ./design_files/script_output_pdf_files/SBC3-job_130.pd
f  used on input line 3.
(pdftex.def)             Requested size: 686.56332pt x 794.96806pt.
<./design_files/script_output_pdf_files/SBC3-job_130.pdf, id=125, page=1, 686.5
65pt x 794.97pt>
File: ./design_files/script_output_pdf_files/SBC3-job_130.pdf Graphic file (typ
e pdf)
<use ./design_files/script_output_pdf_files/SBC3-job_130.pdf, page 1>
Package pdftex.def Info: ./design_files/script_output_pdf_files/SBC3-job_130.pd
f , page1 used on input line 3.
(pdftex.def)             Requested size: 686.56332pt x 794.96806pt.
File: ./design_files/script_output_pdf_files/SBC3-job_130.pdf Graphic file (typ
e pdf)
<use ./design_files/script_output_pdf_files/SBC3-job_130.pdf, page 1>
Package pdftex.def Info: ./design_files/script_output_pdf_files/SBC3-job_130.pd
f , page1 used on input line 3.
(pdftex.def)             Requested size: 597.99815pt x 692.41891pt.
File: ./design_files/script_output_pdf_files/SBC3-job_130.pdf Graphic file (typ
e pdf)
<use ./design_files/script_output_pdf_files/SBC3-job_130.pdf, page 1>
Package pdftex.def Info: ./design_files/script_output_pdf_files/SBC3-job_130.pd
f , page1 used on input line 3.
(pdftex.def)             Requested size: 597.99815pt x 692.41891pt.
File: ./design_files/script_output_pdf_files/SBC3-job_130.pdf Graphic file (typ
e pdf)
<use ./design_files/script_output_pdf_files/SBC3-job_130.pdf, page 1>
Package pdftex.def Info: ./design_files/script_output_pdf_files/SBC3-job_130.pd
f , page1 used on input line 3.
(pdftex.def)             Requested size: 597.99815pt x 692.41891pt.
File: ./design_files/script_output_pdf_files/SBC3-job_130.pdf Graphic file (typ
e pdf)
<use ./design_files/script_output_pdf_files/SBC3-job_130.pdf, page 1>
Package pdftex.def Info: ./design_files/script_output_pdf_files/SBC3-job_130.pd
f , page1 used on input line 3.
(pdftex.def)             Requested size: 597.99815pt x 692.41891pt.
 [10 <./design_files/script_output_pdf_files/SBC3-job_130.pdf>]
<./design_files/script_output_pdf_files/SBC3-job_130.pdf, id=139, page=2, 686.5
65pt x 794.97pt>
File: ./design_files/script_output_pdf_files/SBC3-job_130.pdf Graphic file (typ
e pdf)
<use ./design_files/script_output_pdf_files/SBC3-job_130.pdf, page 2>
Package pdftex.def Info: ./design_files/script_output_pdf_files/SBC3-job_130.pd
f , page2 used on input line 3.
(pdftex.def)             Requested size: 597.99815pt x 692.41891pt.
File: ./design_files/script_output_pdf_files/SBC3-job_130.pdf Graphic file (typ
e pdf)
<use ./design_files/script_output_pdf_files/SBC3-job_130.pdf, page 2>
Package pdftex.def Info: ./design_files/script_output_pdf_files/SBC3-job_130.pd
f , page2 used on input line 3.
(pdftex.def)             Requested size: 597.99815pt x 692.41891pt.
File: ./design_files/script_output_pdf_files/SBC3-job_130.pdf Graphic file (typ
e pdf)
<use ./design_files/script_output_pdf_files/SBC3-job_130.pdf, page 2>
Package pdftex.def Info: ./design_files/script_output_pdf_files/SBC3-job_130.pd
f , page2 used on input line 3.
(pdftex.def)             Requested size: 597.99815pt x 692.41891pt.
 [11 <./design_files/script_output_pdf_files/SBC3-job_130.pdf>]
<./design_files/script_output_pdf_files/SBC4-job_131.pdf, id=144, 686.565pt x 7
94.97pt>
File: ./design_files/script_output_pdf_files/SBC4-job_131.pdf Graphic file (typ
e pdf)
<use ./design_files/script_output_pdf_files/SBC4-job_131.pdf>
Package pdftex.def Info: ./design_files/script_output_pdf_files/SBC4-job_131.pd
f  used on input line 4.
(pdftex.def)             Requested size: 686.56332pt x 794.96806pt.
File: ./design_files/script_output_pdf_files/SBC4-job_131.pdf Graphic file (typ
e pdf)
<use ./design_files/script_output_pdf_files/SBC4-job_131.pdf>
Package pdftex.def Info: ./design_files/script_output_pdf_files/SBC4-job_131.pd
f  used on input line 4.
(pdftex.def)             Requested size: 686.56332pt x 794.96806pt.
<./design_files/script_output_pdf_files/SBC4-job_131.pdf, id=147, page=1, 686.5
65pt x 794.97pt>
File: ./design_files/script_output_pdf_files/SBC4-job_131.pdf Graphic file (typ
e pdf)
<use ./design_files/script_output_pdf_files/SBC4-job_131.pdf, page 1>
Package pdftex.def Info: ./design_files/script_output_pdf_files/SBC4-job_131.pd
f , page1 used on input line 4.
(pdftex.def)             Requested size: 686.56332pt x 794.96806pt.
File: ./design_files/script_output_pdf_files/SBC4-job_131.pdf Graphic file (typ
e pdf)
<use ./design_files/script_output_pdf_files/SBC4-job_131.pdf, page 1>
Package pdftex.def Info: ./design_files/script_output_pdf_files/SBC4-job_131.pd
f , page1 used on input line 4.
(pdftex.def)             Requested size: 597.99815pt x 692.41891pt.
File: ./design_files/script_output_pdf_files/SBC4-job_131.pdf Graphic file (typ
e pdf)
<use ./design_files/script_output_pdf_files/SBC4-job_131.pdf, page 1>
Package pdftex.def Info: ./design_files/script_output_pdf_files/SBC4-job_131.pd
f , page1 used on input line 4.
(pdftex.def)             Requested size: 597.99815pt x 692.41891pt.
File: ./design_files/script_output_pdf_files/SBC4-job_131.pdf Graphic file (typ
e pdf)
<use ./design_files/script_output_pdf_files/SBC4-job_131.pdf, page 1>
Package pdftex.def Info: ./design_files/script_output_pdf_files/SBC4-job_131.pd
f , page1 used on input line 4.
(pdftex.def)             Requested size: 597.99815pt x 692.41891pt.
File: ./design_files/script_output_pdf_files/SBC4-job_131.pdf Graphic file (typ
e pdf)
<use ./design_files/script_output_pdf_files/SBC4-job_131.pdf, page 1>
Package pdftex.def Info: ./design_files/script_output_pdf_files/SBC4-job_131.pd
f , page1 used on input line 4.
(pdftex.def)             Requested size: 597.99815pt x 692.41891pt.
 [12 <./design_files/script_output_pdf_files/SBC4-job_131.pdf>]
<./design_files/script_output_pdf_files/SBC4-job_131.pdf, id=162, page=2, 686.5
65pt x 794.97pt>
File: ./design_files/script_output_pdf_files/SBC4-job_131.pdf Graphic file (typ
e pdf)
<use ./design_files/script_output_pdf_files/SBC4-job_131.pdf, page 2>
Package pdftex.def Info: ./design_files/script_output_pdf_files/SBC4-job_131.pd
f , page2 used on input line 4.
(pdftex.def)             Requested size: 597.99815pt x 692.41891pt.
File: ./design_files/script_output_pdf_files/SBC4-job_131.pdf Graphic file (typ
e pdf)
<use ./design_files/script_output_pdf_files/SBC4-job_131.pdf, page 2>
Package pdftex.def Info: ./design_files/script_output_pdf_files/SBC4-job_131.pd
f , page2 used on input line 4.
(pdftex.def)             Requested size: 597.99815pt x 692.41891pt.
File: ./design_files/script_output_pdf_files/SBC4-job_131.pdf Graphic file (typ
e pdf)
<use ./design_files/script_output_pdf_files/SBC4-job_131.pdf, page 2>
Package pdftex.def Info: ./design_files/script_output_pdf_files/SBC4-job_131.pd
f , page2 used on input line 4.
(pdftex.def)             Requested size: 597.99815pt x 692.41891pt.

[13 <./design_files/script_output_pdf_files/SBC4-job_131.pdf>]
<./design_files/script_output_pdf_files/SBC5-job_132.pdf, id=167, 686.565pt x 7
94.97pt>
File: ./design_files/script_output_pdf_files/SBC5-job_132.pdf Graphic file (typ
e pdf)
<use ./design_files/script_output_pdf_files/SBC5-job_132.pdf>
Package pdftex.def Info: ./design_files/script_output_pdf_files/SBC5-job_132.pd
f  used on input line 5.
(pdftex.def)             Requested size: 686.56332pt x 794.96806pt.
File: ./design_files/script_output_pdf_files/SBC5-job_132.pdf Graphic file (typ
e pdf)
<use ./design_files/script_output_pdf_files/SBC5-job_132.pdf>
Package pdftex.def Info: ./design_files/script_output_pdf_files/SBC5-job_132.pd
f  used on input line 5.
(pdftex.def)             Requested size: 686.56332pt x 794.96806pt.
<./design_files/script_output_pdf_files/SBC5-job_132.pdf, id=170, page=1, 686.5
65pt x 794.97pt>
File: ./design_files/script_output_pdf_files/SBC5-job_132.pdf Graphic file (typ
e pdf)
<use ./design_files/script_output_pdf_files/SBC5-job_132.pdf, page 1>
Package pdftex.def Info: ./design_files/script_output_pdf_files/SBC5-job_132.pd
f , page1 used on input line 5.
(pdftex.def)             Requested size: 686.56332pt x 794.96806pt.
File: ./design_files/script_output_pdf_files/SBC5-job_132.pdf Graphic file (typ
e pdf)
<use ./design_files/script_output_pdf_files/SBC5-job_132.pdf, page 1>
Package pdftex.def Info: ./design_files/script_output_pdf_files/SBC5-job_132.pd
f , page1 used on input line 5.
(pdftex.def)             Requested size: 597.99815pt x 692.41891pt.
File: ./design_files/script_output_pdf_files/SBC5-job_132.pdf Graphic file (typ
e pdf)
<use ./design_files/script_output_pdf_files/SBC5-job_132.pdf, page 1>
Package pdftex.def Info: ./design_files/script_output_pdf_files/SBC5-job_132.pd
f , page1 used on input line 5.
(pdftex.def)             Requested size: 597.99815pt x 692.41891pt.
File: ./design_files/script_output_pdf_files/SBC5-job_132.pdf Graphic file (typ
e pdf)
<use ./design_files/script_output_pdf_files/SBC5-job_132.pdf, page 1>
Package pdftex.def Info: ./design_files/script_output_pdf_files/SBC5-job_132.pd
f , page1 used on input line 5.
(pdftex.def)             Requested size: 597.99815pt x 692.41891pt.
File: ./design_files/script_output_pdf_files/SBC5-job_132.pdf Graphic file (typ
e pdf)
<use ./design_files/script_output_pdf_files/SBC5-job_132.pdf, page 1>
Package pdftex.def Info: ./design_files/script_output_pdf_files/SBC5-job_132.pd
f , page1 used on input line 5.
(pdftex.def)             Requested size: 597.99815pt x 692.41891pt.
 [14 <./design_files/script_output_pdf_files/SBC5-job_132.pdf>]
<./design_files/script_output_pdf_files/SBC5-job_132.pdf, id=185, page=2, 686.5
65pt x 794.97pt>
File: ./design_files/script_output_pdf_files/SBC5-job_132.pdf Graphic file (typ
e pdf)
<use ./design_files/script_output_pdf_files/SBC5-job_132.pdf, page 2>
Package pdftex.def Info: ./design_files/script_output_pdf_files/SBC5-job_132.pd
f , page2 used on input line 5.
(pdftex.def)             Requested size: 597.99815pt x 692.41891pt.
File: ./design_files/script_output_pdf_files/SBC5-job_132.pdf Graphic file (typ
e pdf)
<use ./design_files/script_output_pdf_files/SBC5-job_132.pdf, page 2>
Package pdftex.def Info: ./design_files/script_output_pdf_files/SBC5-job_132.pd
f , page2 used on input line 5.
(pdftex.def)             Requested size: 597.99815pt x 692.41891pt.
File: ./design_files/script_output_pdf_files/SBC5-job_132.pdf Graphic file (typ
e pdf)
<use ./design_files/script_output_pdf_files/SBC5-job_132.pdf, page 2>
Package pdftex.def Info: ./design_files/script_output_pdf_files/SBC5-job_132.pd
f , page2 used on input line 5.
(pdftex.def)             Requested size: 597.99815pt x 692.41891pt.
 [15 <./design_files/script_output_pdf_files/SBC5-job_132.pdf>]) (./calc.aux (.
/title.aux) (./writeup.aux))
Package rerunfilecheck Info: File `calc.out' has not changed.
(rerunfilecheck)             Checksum: ED826AFC420BD032B42083A706666791;807.
 ) 
Here is how much of TeX's memory you used:
 12190 strings out of 480247
 196464 string characters out of 5896150
 492450 words of memory out of 5000000
 29897 multiletter control sequences out of 15000+600000
 474350 words of font info for 46 fonts, out of 8000000 for 9000
 14 hyphenation exceptions out of 8191
 61i,17n,75p,225b,533s stack positions out of 5000i,500n,10000p,200000b,80000s
</usr/share/texlive/texmf-dist/fonts/type1/public/amsfonts/cm/cmbx10.pfb></us
r/share/texlive/texmf-dist/fonts/type1/public/amsfonts/cm/cmbx12.pfb></usr/shar
e/texlive/texmf-dist/fonts/type1/public/amsfonts/cm/cmmi10.pfb></usr/share/texl
ive/texmf-dist/fonts/type1/public/amsfonts/cm/cmmi8.pfb></usr/share/texlive/tex
mf-dist/fonts/type1/public/amsfonts/cm/cmr10.pfb></usr/share/texlive/texmf-dist
/fonts/type1/public/amsfonts/cm/cmr12.pfb></usr/share/texlive/texmf-dist/fonts/
type1/public/amsfonts/cm/cmr17.pfb></usr/share/texlive/texmf-dist/fonts/type1/p
ublic/amsfonts/cm/cmtt10.pfb>
Output written on calc.pdf (16 pages, 240701 bytes).
PDF statistics:
 233 PDF objects out of 1000 (max. 8388607)
 150 compressed objects within 2 object streams
 27 named destinations out of 1000 (max. 500000)
 179 words of extra memory for PDF output out of 10000 (max. 10000000)

